app/build/intermediates/manifest_merge_blame_file/release/manifest-merger-blame-release-report.txt
1<?xml version="1.0" encoding="utf-8"?>
2<manifest xmlns:android="http://schemas.android.com/apk/res/android"
3    package="com.github.downloader"
4    android:versionCode="2"
5    android:versionName="2.0" >
6
7    <uses-sdk
8        android:minSdkVersion="16"
8-->src/main/AndroidManifest.xml
9        android:targetSdkVersion="31" />
9-->src/main/AndroidManifest.xml
10
11    <uses-permission android:name="android.permission.INTERNET" />
11-->src/main/AndroidManifest.xml:5:5-67
11-->src/main/AndroidManifest.xml:5:22-64
12    <uses-permission android:name="android.permission.WRITE_EXTERNAL_STORAGE" />
12-->src/main/AndroidManifest.xml:6:5-81
12-->src/main/AndroidManifest.xml:6:22-78
13    <uses-permission android:name="android.permission.READ_EXTERNAL_STORAGE" />
13-->src/main/AndroidManifest.xml:7:5-80
13-->src/main/AndroidManifest.xml:7:22-77
14    <uses-permission android:name="android.permission.INSTALL_PACKAGES" />
14-->src/main/AndroidManifest.xml:8:5-75
14-->src/main/AndroidManifest.xml:8:22-72
15    <uses-permission android:name="android.permission.REQUEST_INSTALL_PACKAGES" />
15-->src/main/AndroidManifest.xml:9:5-83
15-->src/main/AndroidManifest.xml:9:22-80
16
17    <application
17-->src/main/AndroidManifest.xml:11:5-72:19
18        android:allowBackup="true"
18-->src/main/AndroidManifest.xml:12:9-35
19        android:appComponentFactory="androidx.core.app.CoreComponentFactory"
19-->[androidx.core:core:1.5.0] AndroidManifest.xml:24:18-86
20        android:icon="@mipmap/ic_launcher"
20-->src/main/AndroidManifest.xml:13:9-43
21        android:label="@string/app_name"
21-->src/main/AndroidManifest.xml:14:9-41
22        android:roundIcon="@mipmap/ic_launcher_round"
22-->src/main/AndroidManifest.xml:15:9-54
23        android:supportsRtl="true"
23-->src/main/AndroidManifest.xml:16:9-35
24        android:theme="@style/AppTheme" >
24-->src/main/AndroidManifest.xml:17:9-40
25        <activity
25-->src/main/AndroidManifest.xml:19:9-52:20
26            android:name="com.github.downloader.MainActivity"
26-->src/main/AndroidManifest.xml:20:13-41
27            android:exported="true"
27-->src/main/AndroidManifest.xml:21:13-36
28            android:launchMode="singleTask" >
28-->src/main/AndroidManifest.xml:22:13-44
29
30            <!-- 通常起動 -->
31            <intent-filter>
31-->src/main/AndroidManifest.xml:25:13-28:29
32                <action android:name="android.intent.action.MAIN" />
32-->src/main/AndroidManifest.xml:26:17-69
32-->src/main/AndroidManifest.xml:26:25-66
33
34                <category android:name="android.intent.category.LAUNCHER" />
34-->src/main/AndroidManifest.xml:27:17-77
34-->src/main/AndroidManifest.xml:27:27-74
35            </intent-filter>
36
37            <!-- https://github.com/owner/repo 形式のURLを受け取る -->
38            <intent-filter android:autoVerify="true" >
38-->src/main/AndroidManifest.xml:31:13-39:29
38-->src/main/AndroidManifest.xml:31:28-53
39                <action android:name="android.intent.action.VIEW" />
39-->src/main/AndroidManifest.xml:32:17-69
39-->src/main/AndroidManifest.xml:32:25-66
40
41                <category android:name="android.intent.category.DEFAULT" />
41-->src/main/AndroidManifest.xml:33:17-76
41-->src/main/AndroidManifest.xml:33:27-73
42                <category android:name="android.intent.category.BROWSABLE" />
42-->src/main/AndroidManifest.xml:34:17-78
42-->src/main/AndroidManifest.xml:34:27-75
43
44                <data
44-->src/main/AndroidManifest.xml:35:17-38:49
45                    android:host="github.com"
45-->src/main/AndroidManifest.xml:37:21-46
46                    android:pathPattern="/.*"
46-->src/main/AndroidManifest.xml:38:21-46
47                    android:scheme="https" />
47-->src/main/AndroidManifest.xml:36:21-43
48            </intent-filter>
49
50            <!-- http://github.com/owner/repo も念のため受け取る -->
51            <intent-filter>
51-->src/main/AndroidManifest.xml:42:13-50:29
52                <action android:name="android.intent.action.VIEW" />
52-->src/main/AndroidManifest.xml:32:17-69
52-->src/main/AndroidManifest.xml:32:25-66
53
54                <category android:name="android.intent.category.DEFAULT" />
54-->src/main/AndroidManifest.xml:33:17-76
54-->src/main/AndroidManifest.xml:33:27-73
55                <category android:name="android.intent.category.BROWSABLE" />
55-->src/main/AndroidManifest.xml:34:17-78
55-->src/main/AndroidManifest.xml:34:27-75
56
57                <data
57-->src/main/AndroidManifest.xml:35:17-38:49
58                    android:host="github.com"
58-->src/main/AndroidManifest.xml:37:21-46
59                    android:pathPattern="/.*"
59-->src/main/AndroidManifest.xml:38:21-46
60                    android:scheme="http" />
60-->src/main/AndroidManifest.xml:36:21-43
61            </intent-filter>
62        </activity>
63        <activity
63-->src/main/AndroidManifest.xml:54:9-56:40
64            android:name="com.github.downloader.ReleaseListActivity"
64-->src/main/AndroidManifest.xml:55:13-48
65            android:exported="false" />
65-->src/main/AndroidManifest.xml:56:13-37
66
67        <service
67-->src/main/AndroidManifest.xml:58:9-60:40
68            android:name="com.github.downloader.DownloadService"
68-->src/main/AndroidManifest.xml:59:13-44
69            android:exported="false" />
69-->src/main/AndroidManifest.xml:60:13-37
70
71        <provider
72            android:name="androidx.core.content.FileProvider"
72-->src/main/AndroidManifest.xml:63:13-62
73            android:authorities="com.github.downloader.fileprovider"
73-->src/main/AndroidManifest.xml:64:13-64
74            android:exported="false"
74-->src/main/AndroidManifest.xml:65:13-37
75            android:grantUriPermissions="true" >
75-->src/main/AndroidManifest.xml:66:13-47
76            <meta-data
76-->src/main/AndroidManifest.xml:67:13-69:54
77                android:name="android.support.FILE_PROVIDER_PATHS"
77-->src/main/AndroidManifest.xml:68:17-67
78                android:resource="@xml/file_paths" />
78-->src/main/AndroidManifest.xml:69:17-51
79        </provider>
80    </application>
81
82</manifest>